Your Gemfile lists the gem linecache19-patched (>= 0) more than once.
You should probably keep only one of them.
While it's not a problem now, it could cause errors if you change the version of just one of them later.
Fetching gem metadata from https://rubygems.org/...........
Fetching version metadata from https://rubygems.org/...
Fetching dependency metadata from https://rubygems.org/..
Resolving dependencies....
Using rake 10.4.2
Using i18n 0.7.0
Using json 1.8.3
Using minitest 5.8.3
Using thread_safe 0.3.5
Using builder 3.2.2
Using erubis 2.7.0
Using mini_portile2 2.0.0
Using rack 1.6.4
Using mime-types 2.99
Using arel 6.0.3
Using archive-tar-minitar 0.5.2
Using debug_inspector 0.0.2
Using bundler 1.11.2
Using net-ssh 3.0.2
Using coffee-script-source 1.10.0
Using execjs 2.6.0
Using thor 0.19.1
Using columnize 0.9.0
Using concurrent-ruby 1.0.0
Using ffi 1.9.10
Using multi_json 1.11.2
Using libv8 3.16.14.13
Installing linecache 1.3.1 with native extensions

Gem::Ext::BuildError: ERROR: Failed to build gem native extension.

    /home/fradiavolo/.rvm/rubies/ruby-2.2.4/bin/ruby -r ./siteconf20160107-29871-1q8vobe.rb extconf.rb
Can't handle 1.9.x yet
*** extconf.rb failed ***
Could not create Makefile due to some reason, probably lack of necessary
libraries and/or headers.  Check the mkmf.log file for more details.  You may
need configuration options.

Provided configuration options:
	--with-opt-dir
	--without-opt-dir
	--with-opt-include
	--without-opt-include=${opt-dir}/include
	--with-opt-lib
	--without-opt-lib=${opt-dir}/lib
	--with-make-prog
	--without-make-prog
	--srcdir=.
	--curdir
	--ruby=/home/fradiavolo/.rvm/rubies/ruby-2.2.4/bin/$(RUBY_BASE_NAME)

extconf failed, exit code 1

Gem files will remain installed in /home/fradiavolo/.rvm/gems/ruby-2.2.4/gems/linecache-1.3.1 for inspection.
Results logged to /home/fradiavolo/.rvm/gems/ruby-2.2.4/extensions/x86_64-linux/2.2.0/linecache-1.3.1/gem_make.out
Using linecache19-patched 0.5.13
Using ref 2.0.0
Using sass 3.4.20
Using tilt 2.0.1
Using spring 1.6.1
Using sqlite3 1.3.11
Using will_paginate 3.1.0
Using rdoc 4.2.1
Using tzinfo 1.2.2
Using nokogiri 1.6.7.1
Using rack-test 0.6.3
Using mail 2.6.3
Using ruby_core_source 0.1.5
Using binding_of_caller 0.7.2
Using net-scp 1.2.1
Using coffee-script 2.4.1
Using uglifier 2.7.2
Using sprockets 3.5.2
Using libnotify 0.9.1
Using rb-inotify 0.9.5
An error occurred while installing linecache (1.3.1), and Bundler cannot continue.
Make sure that `gem install linecache -v '1.3.1'` succeeds before bundling.
